<?xml version="1.0" encoding="UTF-8"?>
<robot generator="Robot 4.1.3 (Python 3.10.2 on win32)" generated="20220318 11:04:41.389" rpa="false" schemaversion="2">
<suite id="s1" name="Verify Validcredential Suite" source="D:\ROBOT-SESSION\ROBOT_FRAMEWORK\login_suite\verify_validcredential_suite.robot">
<test id="s1-t1" name="Verify Valid Credential Test">
<kw name="Launch Browser" library="CommonFunctionality" type="SETUP">
<if>
<branch type="IF" condition="'${BROWSER_NAME}'=='edge'">
<kw name="Set Local Variable" library="BuiltIn">
<arg>${driver_name}</arg>
<arg>msedgedriver.exe</arg>
<doc>Makes a variable available everywhere within the local scope.</doc>
<status status="NOT RUN" starttime="20220318 11:04:41.958" endtime="20220318 11:04:41.958"/>
</kw>
<status status="NOT RUN" starttime="20220318 11:04:41.958" endtime="20220318 11:04:41.958"/>
</branch>
<branch type="ELSE IF" condition="'${BROWSER_NAME}'== 'ff'">
<kw name="Set Local Variable" library="BuiltIn">
<arg>${driver_name}</arg>
<arg>geckodriver.exe</arg>
<doc>Makes a variable available everywhere within the local scope.</doc>
<status status="NOT RUN" starttime="20220318 11:04:41.959" endtime="20220318 11:04:41.959"/>
</kw>
<status status="NOT RUN" starttime="20220318 11:04:41.959" endtime="20220318 11:04:41.959"/>
</branch>
<branch type="ELSE">
<kw name="Set Local Variable" library="BuiltIn">
<arg>${driver_name}</arg>
<arg>chromedriver.exe</arg>
<doc>Makes a variable available everywhere within the local scope.</doc>
<msg timestamp="20220318 11:04:41.960" level="INFO">${driver_name} = chromedriver.exe</msg>
<status status="PASS" starttime="20220318 11:04:41.959" endtime="20220318 11:04:41.960"/>
</kw>
<status status="PASS" starttime="20220318 11:04:41.959" endtime="20220318 11:04:41.960"/>
</branch>
<status status="PASS" starttime="20220318 11:04:41.958" endtime="20220318 11:04:41.960"/>
</if>
<kw name="Open Browser" library="SeleniumLibrary">
<arg>browser=${BROWSER_NAME}</arg>
<arg>executable_path=${EXECDIR}${/}driver${/}${driver_name}</arg>
<doc>Opens a new browser instance to the optional ``url``.</doc>
<msg timestamp="20220318 11:04:41.961" level="INFO">Opening browser 'chrome' to base url 'None'.</msg>
<status status="PASS" starttime="20220318 11:04:41.960" endtime="20220318 11:04:46.478"/>
</kw>
<kw name="Maximize Browser Window" library="SeleniumLibrary">
<doc>Maximizes current browser window.</doc>
<status status="PASS" starttime="20220318 11:04:46.479" endtime="20220318 11:04:46.617"/>
</kw>
<kw name="Set Selenium Implicit Wait" library="SeleniumLibrary">
<arg>30s</arg>
<doc>Sets the implicit wait value used by Selenium.</doc>
<status status="PASS" starttime="20220318 11:04:46.617" endtime="20220318 11:04:46.623"/>
</kw>
<kw name="Set Screenshot Directory" library="SeleniumLibrary">
<arg>${EXECDIR}${/}screenshots</arg>
<doc>Sets the directory for captured screenshots.</doc>
<status status="PASS" starttime="20220318 11:04:46.624" endtime="20220318 11:04:46.624"/>
</kw>
<kw name="Go To" library="SeleniumLibrary">
<arg>url=${URL}</arg>
<doc>Navigates the current browser window to the provided ``url``.</doc>
<msg timestamp="20220318 11:04:46.625" level="INFO">Opening url 'https://opensource-demo.orangehrmlive.com/'</msg>
<status status="PASS" starttime="20220318 11:04:46.625" endtime="20220318 11:04:53.151"/>
</kw>
<status status="PASS" starttime="20220318 11:04:41.957" endtime="20220318 11:04:53.151"/>
</kw>
<kw name="Input Text" library="SeleniumLibrary">
<arg>id=txtUsername</arg>
<arg>Admin</arg>
<doc>Types the given ``text`` into the text field identified by ``locator``.</doc>
<msg timestamp="20220318 11:04:53.153" level="INFO">Typing text 'Admin' into text field 'id=txtUsername'.</msg>
<status status="PASS" starttime="20220318 11:04:53.152" endtime="20220318 11:04:53.710"/>
</kw>
<kw name="Input Password" library="SeleniumLibrary">
<arg>id=txtPassword</arg>
<arg>admin123</arg>
<doc>Types the given password into the text field identified by ``locator``.</doc>
<msg timestamp="20220318 11:04:53.712" level="INFO">Typing password into text field 'id=txtPassword'.</msg>
<msg timestamp="20220318 11:04:53.814" level="INFO">Temporally setting log level to: NONE</msg>
<msg timestamp="20220318 11:04:53.935" level="INFO">Log level changed from NONE to INFO.</msg>
<status status="PASS" starttime="20220318 11:04:53.711" endtime="20220318 11:04:53.935"/>
</kw>
<kw name="Click Element" library="SeleniumLibrary">
<arg>id=btnLogin</arg>
<doc>Click the element identified by ``locator``.</doc>
<msg timestamp="20220318 11:04:53.936" level="INFO">Clicking element 'id=btnLogin'.</msg>
<status status="PASS" starttime="20220318 11:04:53.935" endtime="20220318 11:04:58.471"/>
</kw>
<kw name="Page Should Contain" library="SeleniumLibrary">
<arg>My Info</arg>
<doc>Verifies that current page contains ``text``.</doc>
<msg timestamp="20220318 11:04:58.522" level="INFO">Current page contains text 'My Info'.</msg>
<status status="PASS" starttime="20220318 11:04:58.473" endtime="20220318 11:04:58.522"/>
</kw>
<kw name="Capture Page Screenshot" library="SeleniumLibrary">
<doc>Takes a screenshot of the current page and embeds it into a log file.</doc>
<msg timestamp="20220318 11:05:00.450" level="INFO" html="true">&lt;/td&gt;&lt;/tr&gt;&lt;tr&gt;&lt;td colspan="3"&gt;&lt;a href="screenshots/selenium-screenshot-2.png"&gt;&lt;img src="screenshots/selenium-screenshot-2.png" width="800px"&gt;&lt;/a&gt;</msg>
<status status="PASS" starttime="20220318 11:04:58.523" endtime="20220318 11:05:00.451"/>
</kw>
<kw name="Close Browser" library="SeleniumLibrary" type="TEARDOWN">
<doc>Closes the current browser.</doc>
<status status="PASS" starttime="20220318 11:05:00.452" endtime="20220318 11:05:03.001"/>
</kw>
<status status="PASS" starttime="20220318 11:04:41.956" endtime="20220318 11:05:03.001"/>
</test>
<doc>This suite will handle all the test cases related to valid
credential test for orangehrm.Test case -TC_OH_2</doc>
<status status="PASS" starttime="20220318 11:04:41.399" endtime="20220318 11:05:03.005"/>
</suite>
<statistics>
<total>
<stat pass="1" fail="0" skip="0">All Tests</stat>
</total>
<tag>
</tag>
<suite>
<stat pass="1" fail="0" skip="0" id="s1" name="Verify Validcredential Suite">Verify Validcredential Suite</stat>
</suite>
</statistics>
<errors>
</errors>
</robot>
