<?xml version="1.0" encoding="UTF-8"?>
<robot generator="Robot 4.1.3 (Python 3.10.2 on win32)" generated="20220317 12:45:30.139" rpa="false" schemaversion="2">
<suite id="s1" name="Verify Invalidcredential Suite" source="D:\ROBOT-SESSION\ROBOT_FRAMEWORK\login_suite\verify_invalidcredential_suite.robot">
<test id="s1-t1" name="Verify Valid Credential Test">
<kw name="Launch Browser" library="CommonFunctionality">
<kw name="Open Browser" library="SeleniumLibrary">
<arg>browser=${BROWSER_NAME}</arg>
<arg>executable_path=${EXECDIR}${/}driver${/}chromedriver.exe</arg>
<doc>Opens a new browser instance to the optional ``url``.</doc>
<msg timestamp="20220317 12:45:30.443" level="INFO">Opening browser 'chrome' to base url 'None'.</msg>
<status status="PASS" starttime="20220317 12:45:30.442" endtime="20220317 12:45:34.661"/>
</kw>
<kw name="Maximize Browser Window" library="SeleniumLibrary">
<doc>Maximizes current browser window.</doc>
<status status="PASS" starttime="20220317 12:45:34.661" endtime="20220317 12:45:34.858"/>
</kw>
<kw name="Set Selenium Implicit Wait" library="SeleniumLibrary">
<arg>30s</arg>
<doc>Sets the implicit wait value used by Selenium.</doc>
<status status="PASS" starttime="20220317 12:45:34.858" endtime="20220317 12:45:34.863"/>
</kw>
<kw name="Go To" library="SeleniumLibrary">
<arg>url=${URL}</arg>
<doc>Navigates the current browser window to the provided ``url``.</doc>
<msg timestamp="20220317 12:45:34.863" level="INFO">Opening url 'https://opensource-demo.orangehrmlive.com/'</msg>
<status status="PASS" starttime="20220317 12:45:34.863" endtime="20220317 12:45:39.848"/>
</kw>
<status status="PASS" starttime="20220317 12:45:30.442" endtime="20220317 12:45:39.849"/>
</kw>
<kw name="Input Text" library="SeleniumLibrary">
<arg>id=txtUsername</arg>
<arg>sam</arg>
<doc>Types the given ``text`` into the text field identified by ``locator``.</doc>
<msg timestamp="20220317 12:45:39.850" level="INFO">Typing text 'sam' into text field 'id=txtUsername'.</msg>
<status status="PASS" starttime="20220317 12:45:39.849" endtime="20220317 12:45:40.023"/>
</kw>
<kw name="Input Password" library="SeleniumLibrary">
<arg>id=txtPassword</arg>
<arg>pass123</arg>
<doc>Types the given password into the text field identified by ``locator``.</doc>
<msg timestamp="20220317 12:45:40.024" level="INFO">Typing password into text field 'id=txtPassword'.</msg>
<msg timestamp="20220317 12:45:40.064" level="INFO">Temporally setting log level to: NONE</msg>
<msg timestamp="20220317 12:45:40.144" level="INFO">Log level changed from NONE to INFO.</msg>
<status status="PASS" starttime="20220317 12:45:40.024" endtime="20220317 12:45:40.144"/>
</kw>
<kw name="Click Element" library="SeleniumLibrary">
<arg>id=btnLogin</arg>
<doc>Click the element identified by ``locator``.</doc>
<msg timestamp="20220317 12:45:40.145" level="INFO">Clicking element 'id=btnLogin'.</msg>
<status status="PASS" starttime="20220317 12:45:40.144" endtime="20220317 12:45:41.613"/>
</kw>
<kw name="Close Browser" library="SeleniumLibrary" type="TEARDOWN">
<doc>Closes the current browser.</doc>
<status status="PASS" starttime="20220317 12:45:41.616" endtime="20220317 12:45:43.929"/>
</kw>
<status status="PASS" starttime="20220317 12:45:30.440" endtime="20220317 12:45:43.930"/>
</test>
<doc>This suite will handle all the test cases related to valid
credential test for orangehrm.Test case -TC_OH_3</doc>
<status status="PASS" starttime="20220317 12:45:30.141" endtime="20220317 12:45:43.936"/>
</suite>
<statistics>
<total>
<stat pass="1" fail="0" skip="0">All Tests</stat>
</total>
<tag>
</tag>
<suite>
<stat pass="1" fail="0" skip="0" id="s1" name="Verify Invalidcredential Suite">Verify Invalidcredential Suite</stat>
</suite>
</statistics>
<errors>
</errors>
</robot>
