<?xml version="1.0" encoding="UTF-8"?>
<robot generator="Robot 4.1.3 (Python 3.10.2 on win32)" generated="20220317 14:37:11.732" rpa="false" schemaversion="2">
<suite id="s1" name="Verify Invalidcredential Suite" source="D:\ROBOT-SESSION\ROBOT_FRAMEWORK\login_suite\verify_invalidcredential_suite.robot">
<test id="s1-t1" name="TC1">
<kw name="Launch Browser" library="CommonFunctionality" type="SETUP">
<kw name="Open Browser" library="SeleniumLibrary">
<arg>browser=${BROWSER_NAME}</arg>
<arg>executable_path=${EXECDIR}${/}driver${/}chromedriver.exe</arg>
<doc>Opens a new browser instance to the optional ``url``.</doc>
<msg timestamp="20220317 14:37:12.434" level="INFO">Opening browser 'chrome' to base url 'None'.</msg>
<status status="PASS" starttime="20220317 14:37:12.432" endtime="20220317 14:37:20.639"/>
</kw>
<kw name="Maximize Browser Window" library="SeleniumLibrary">
<doc>Maximizes current browser window.</doc>
<status status="PASS" starttime="20220317 14:37:20.639" endtime="20220317 14:37:20.824"/>
</kw>
<kw name="Set Selenium Implicit Wait" library="SeleniumLibrary">
<arg>30s</arg>
<doc>Sets the implicit wait value used by Selenium.</doc>
<status status="PASS" starttime="20220317 14:37:20.824" endtime="20220317 14:37:20.828"/>
</kw>
<kw name="Go To" library="SeleniumLibrary">
<arg>url=${URL}</arg>
<doc>Navigates the current browser window to the provided ``url``.</doc>
<msg timestamp="20220317 14:37:20.829" level="INFO">Opening url 'https://opensource-demo.orangehrmlive.com/'</msg>
<status status="PASS" starttime="20220317 14:37:20.828" endtime="20220317 14:37:27.794"/>
</kw>
<status status="PASS" starttime="20220317 14:37:12.431" endtime="20220317 14:37:27.794"/>
</kw>
<kw name="Verify Invalid Credential Template">
<arg>john</arg>
<arg>john123</arg>
<arg>Invalid credentials</arg>
<kw name="Input Text" library="SeleniumLibrary">
<arg>id=txtUsername</arg>
<arg>${username}</arg>
<doc>Types the given ``text`` into the text field identified by ``locator``.</doc>
<msg timestamp="20220317 14:37:27.797" level="INFO">Typing text 'john' into text field 'id=txtUsername'.</msg>
<status status="PASS" starttime="20220317 14:37:27.796" endtime="20220317 14:37:28.262"/>
</kw>
<kw name="Input Password" library="SeleniumLibrary">
<arg>id=txtPassword</arg>
<arg>${password}</arg>
<doc>Types the given password into the text field identified by ``locator``.</doc>
<msg timestamp="20220317 14:37:28.263" level="INFO">Typing password into text field 'id=txtPassword'.</msg>
<msg timestamp="20220317 14:37:28.361" level="INFO">Temporally setting log level to: NONE</msg>
<msg timestamp="20220317 14:37:28.543" level="INFO">Log level changed from NONE to INFO.</msg>
<status status="PASS" starttime="20220317 14:37:28.262" endtime="20220317 14:37:28.543"/>
</kw>
<kw name="Click Element" library="SeleniumLibrary">
<arg>id=btnLogin</arg>
<doc>Click the element identified by ``locator``.</doc>
<msg timestamp="20220317 14:37:28.545" level="INFO">Clicking element 'id=btnLogin'.</msg>
<status status="PASS" starttime="20220317 14:37:28.543" endtime="20220317 14:37:30.247"/>
</kw>
<kw name="Element Text Should Be" library="SeleniumLibrary">
<arg>id=spanMessage</arg>
<arg>${expected_error}</arg>
<doc>Verifies that element ``locator`` contains exact the text ``expected``.</doc>
<msg timestamp="20220317 14:37:30.251" level="INFO">Verifying element 'id=spanMessage' contains exact text 'Invalid credentials'.</msg>
<status status="PASS" starttime="20220317 14:37:30.248" endtime="20220317 14:37:30.347"/>
</kw>
<status status="PASS" starttime="20220317 14:37:27.795" endtime="20220317 14:37:30.348"/>
</kw>
<kw name="Close Browser" library="SeleniumLibrary" type="TEARDOWN">
<doc>Closes the current browser.</doc>
<status status="PASS" starttime="20220317 14:37:30.351" endtime="20220317 14:37:33.036"/>
</kw>
<status status="PASS" starttime="20220317 14:37:12.430" endtime="20220317 14:37:33.037"/>
</test>
<test id="s1-t2" name="TC2">
<kw name="Launch Browser" library="CommonFunctionality" type="SETUP">
<kw name="Open Browser" library="SeleniumLibrary">
<arg>browser=${BROWSER_NAME}</arg>
<arg>executable_path=${EXECDIR}${/}driver${/}chromedriver.exe</arg>
<doc>Opens a new browser instance to the optional ``url``.</doc>
<msg timestamp="20220317 14:37:33.048" level="INFO">Opening browser 'chrome' to base url 'None'.</msg>
<status status="PASS" starttime="20220317 14:37:33.046" endtime="20220317 14:37:36.226"/>
</kw>
<kw name="Maximize Browser Window" library="SeleniumLibrary">
<doc>Maximizes current browser window.</doc>
<status status="PASS" starttime="20220317 14:37:36.226" endtime="20220317 14:37:36.428"/>
</kw>
<kw name="Set Selenium Implicit Wait" library="SeleniumLibrary">
<arg>30s</arg>
<doc>Sets the implicit wait value used by Selenium.</doc>
<status status="PASS" starttime="20220317 14:37:36.428" endtime="20220317 14:37:36.433"/>
</kw>
<kw name="Go To" library="SeleniumLibrary">
<arg>url=${URL}</arg>
<doc>Navigates the current browser window to the provided ``url``.</doc>
<msg timestamp="20220317 14:37:36.434" level="INFO">Opening url 'https://opensource-demo.orangehrmlive.com/'</msg>
<status status="PASS" starttime="20220317 14:37:36.433" endtime="20220317 14:37:42.546"/>
</kw>
<status status="PASS" starttime="20220317 14:37:33.044" endtime="20220317 14:37:42.547"/>
</kw>
<kw name="Verify Invalid Credential Template">
<arg>peter</arg>
<arg>peter123</arg>
<arg>Invalid credentials</arg>
<kw name="Input Text" library="SeleniumLibrary">
<arg>id=txtUsername</arg>
<arg>${username}</arg>
<doc>Types the given ``text`` into the text field identified by ``locator``.</doc>
<msg timestamp="20220317 14:37:42.549" level="INFO">Typing text 'peter' into text field 'id=txtUsername'.</msg>
<status status="PASS" starttime="20220317 14:37:42.548" endtime="20220317 14:37:42.839"/>
</kw>
<kw name="Input Password" library="SeleniumLibrary">
<arg>id=txtPassword</arg>
<arg>${password}</arg>
<doc>Types the given password into the text field identified by ``locator``.</doc>
<msg timestamp="20220317 14:37:42.840" level="INFO">Typing password into text field 'id=txtPassword'.</msg>
<msg timestamp="20220317 14:37:42.920" level="INFO">Temporally setting log level to: NONE</msg>
<msg timestamp="20220317 14:37:43.012" level="INFO">Log level changed from NONE to INFO.</msg>
<status status="PASS" starttime="20220317 14:37:42.840" endtime="20220317 14:37:43.013"/>
</kw>
<kw name="Click Element" library="SeleniumLibrary">
<arg>id=btnLogin</arg>
<doc>Click the element identified by ``locator``.</doc>
<msg timestamp="20220317 14:37:43.014" level="INFO">Clicking element 'id=btnLogin'.</msg>
<status status="PASS" starttime="20220317 14:37:43.013" endtime="20220317 14:37:44.660"/>
</kw>
<kw name="Element Text Should Be" library="SeleniumLibrary">
<arg>id=spanMessage</arg>
<arg>${expected_error}</arg>
<doc>Verifies that element ``locator`` contains exact the text ``expected``.</doc>
<msg timestamp="20220317 14:37:44.663" level="INFO">Verifying element 'id=spanMessage' contains exact text 'Invalid credentials'.</msg>
<status status="PASS" starttime="20220317 14:37:44.661" endtime="20220317 14:37:44.756"/>
</kw>
<status status="PASS" starttime="20220317 14:37:42.548" endtime="20220317 14:37:44.757"/>
</kw>
<kw name="Close Browser" library="SeleniumLibrary" type="TEARDOWN">
<doc>Closes the current browser.</doc>
<status status="PASS" starttime="20220317 14:37:44.759" endtime="20220317 14:37:47.224"/>
</kw>
<status status="PASS" starttime="20220317 14:37:33.042" endtime="20220317 14:37:47.225"/>
</test>
<doc>This suite will handle all the test cases related to invalid
credential test for orangehrm.Test case -TC_OH_3</doc>
<status status="PASS" starttime="20220317 14:37:11.738" endtime="20220317 14:37:47.231"/>
</suite>
<statistics>
<total>
<stat pass="2" fail="0" skip="0">All Tests</stat>
</total>
<tag>
</tag>
<suite>
<stat pass="2" fail="0" skip="0" id="s1" name="Verify Invalidcredential Suite">Verify Invalidcredential Suite</stat>
</suite>
</statistics>
<errors>
</errors>
</robot>
