<?xml version="1.0" encoding="UTF-8"?>
<robot generator="Robot 4.1.3 (Python 3.10.2 on win32)" generated="20220317 17:55:35.978" rpa="false" schemaversion="2">
<suite id="s1" name="Verify Emergency Contact Suite" source="D:\ROBOT-SESSION\ROBOT_FRAMEWORK\my_info_suite\verify_emergency_contact_suite.robot">
<test id="s1-t1" name="TC1">
<kw name="Launch Browser" library="CommonFunctionality" type="SETUP">
<kw name="Open Browser" library="SeleniumLibrary">
<arg>browser=${BROWSER_NAME}</arg>
<arg>executable_path=${EXECDIR}${/}driver${/}chromedriver.exe</arg>
<doc>Opens a new browser instance to the optional ``url``.</doc>
<msg timestamp="20220317 17:55:54.581" level="INFO">Opening browser 'chrome' to base url 'None'.</msg>
<status status="PASS" starttime="20220317 17:55:54.580" endtime="20220317 17:56:10.081"/>
</kw>
<kw name="Maximize Browser Window" library="SeleniumLibrary">
<doc>Maximizes current browser window.</doc>
<status status="PASS" starttime="20220317 17:56:10.082" endtime="20220317 17:56:10.348"/>
</kw>
<kw name="Set Selenium Implicit Wait" library="SeleniumLibrary">
<arg>30s</arg>
<doc>Sets the implicit wait value used by Selenium.</doc>
<status status="PASS" starttime="20220317 17:56:10.348" endtime="20220317 17:56:10.354"/>
</kw>
<kw name="Go To" library="SeleniumLibrary">
<arg>url=${URL}</arg>
<doc>Navigates the current browser window to the provided ``url``.</doc>
<msg timestamp="20220317 17:56:10.355" level="INFO">Opening url 'https://opensource-demo.orangehrmlive.com/'</msg>
<status status="PASS" starttime="20220317 17:56:10.355" endtime="20220317 17:56:19.633"/>
</kw>
<status status="PASS" starttime="20220317 17:55:54.579" endtime="20220317 17:56:19.634"/>
</kw>
<kw name="Verify Add Emergency Contact Test">
<arg>Admin</arg>
<arg>admin123</arg>
<arg>John</arg>
<arg>Brother</arg>
<arg>787878</arg>
<kw name="Input Text" library="SeleniumLibrary">
<arg>id=txtUsername</arg>
<arg>${username}</arg>
<doc>Types the given ``text`` into the text field identified by ``locator``.</doc>
<msg timestamp="20220317 17:56:19.641" level="INFO">Typing text 'Admin' into text field 'id=txtUsername'.</msg>
<status status="PASS" starttime="20220317 17:56:19.640" endtime="20220317 17:56:20.502"/>
</kw>
<kw name="Input Password" library="SeleniumLibrary">
<arg>id=txtPassword</arg>
<arg>${password}</arg>
<doc>Types the given password into the text field identified by ``locator``.</doc>
<msg timestamp="20220317 17:56:20.504" level="INFO">Typing password into text field 'id=txtPassword'.</msg>
<msg timestamp="20220317 17:56:20.629" level="INFO">Temporally setting log level to: NONE</msg>
<msg timestamp="20220317 17:56:20.759" level="INFO">Log level changed from NONE to INFO.</msg>
<status status="PASS" starttime="20220317 17:56:20.503" endtime="20220317 17:56:20.759"/>
</kw>
<kw name="Click Element" library="SeleniumLibrary">
<arg>id=btnLogin</arg>
<doc>Click the element identified by ``locator``.</doc>
<msg timestamp="20220317 17:56:20.760" level="INFO">Clicking element 'id=btnLogin'.</msg>
<status status="PASS" starttime="20220317 17:56:20.760" endtime="20220317 17:56:28.690"/>
</kw>
<kw name="Page Should Contain" library="SeleniumLibrary">
<arg>My Info</arg>
<doc>Verifies that current page contains ``text``.</doc>
<msg timestamp="20220317 17:56:28.892" level="INFO">Current page contains text 'My Info'.</msg>
<status status="PASS" starttime="20220317 17:56:28.699" endtime="20220317 17:56:28.892"/>
</kw>
<kw name="Click Element" library="SeleniumLibrary">
<arg>link=My Info</arg>
<doc>Click the element identified by ``locator``.</doc>
<msg timestamp="20220317 17:56:28.893" level="INFO">Clicking element 'link=My Info'.</msg>
<status status="PASS" starttime="20220317 17:56:28.893" endtime="20220317 17:56:31.519"/>
</kw>
<kw name="Click Element" library="SeleniumLibrary">
<arg>link=Emergency Contacts</arg>
<doc>Click the element identified by ``locator``.</doc>
<msg timestamp="20220317 17:56:31.521" level="INFO">Clicking element 'link=Emergency Contacts'.</msg>
<status status="PASS" starttime="20220317 17:56:31.519" endtime="20220317 17:56:32.800"/>
</kw>
<kw name="Click Element" library="SeleniumLibrary">
<arg>id=btnAddContact</arg>
<doc>Click the element identified by ``locator``.</doc>
<msg timestamp="20220317 17:56:32.802" level="INFO">Clicking element 'id=btnAddContact'.</msg>
<status status="PASS" starttime="20220317 17:56:32.801" endtime="20220317 17:56:32.955"/>
</kw>
<kw name="Input Text" library="SeleniumLibrary">
<arg>id=emgcontacts_name</arg>
<arg>${name}</arg>
<doc>Types the given ``text`` into the text field identified by ``locator``.</doc>
<msg timestamp="20220317 17:56:32.958" level="INFO">Typing text 'John' into text field 'id=emgcontacts_name'.</msg>
<status status="PASS" starttime="20220317 17:56:32.956" endtime="20220317 17:56:33.253"/>
</kw>
<kw name="Input Text" library="SeleniumLibrary">
<arg>id=emgcontacts_relationship</arg>
<arg>${relationship}</arg>
<doc>Types the given ``text`` into the text field identified by ``locator``.</doc>
<msg timestamp="20220317 17:56:33.258" level="INFO">Typing text 'Brother' into text field 'id=emgcontacts_relationship'.</msg>
<status status="PASS" starttime="20220317 17:56:33.253" endtime="20220317 17:56:33.537"/>
</kw>
<kw name="Input Text" library="SeleniumLibrary">
<arg>id=emgcontacts_homePhone</arg>
<arg>${home_telephone}</arg>
<doc>Types the given ``text`` into the text field identified by ``locator``.</doc>
<msg timestamp="20220317 17:56:33.539" level="INFO">Typing text '787878' into text field 'id=emgcontacts_homePhone'.</msg>
<status status="PASS" starttime="20220317 17:56:33.538" endtime="20220317 17:56:33.722"/>
</kw>
<kw name="Click Element" library="SeleniumLibrary">
<arg>id=btnSaveEContact</arg>
<doc>Click the element identified by ``locator``.</doc>
<msg timestamp="20220317 17:56:33.734" level="INFO">Clicking element 'id=btnSaveEContact'.</msg>
<status status="PASS" starttime="20220317 17:56:33.723" endtime="20220317 17:56:35.316"/>
</kw>
<kw name="Table Should Contain" library="SeleniumLibrary">
<arg>id=emgcontact_list</arg>
<arg>${name}</arg>
<doc>Verifies table contains text ``expected``.</doc>
<status status="PASS" starttime="20220317 17:56:35.328" endtime="20220317 17:56:36.367"/>
</kw>
<kw name="Table Should Contain" library="SeleniumLibrary">
<arg>id=emgcontact_list</arg>
<arg>${home_telephone}</arg>
<doc>Verifies table contains text ``expected``.</doc>
<status status="PASS" starttime="20220317 17:56:36.367" endtime="20220317 17:56:37.055"/>
</kw>
<status status="PASS" starttime="20220317 17:56:19.638" endtime="20220317 17:56:37.057"/>
</kw>
<kw name="Close Browser" library="SeleniumLibrary" type="TEARDOWN">
<doc>Closes the current browser.</doc>
<status status="PASS" starttime="20220317 17:56:37.068" endtime="20220317 17:56:41.599"/>
</kw>
<status status="PASS" starttime="20220317 17:55:54.572" endtime="20220317 17:56:41.600"/>
</test>
<test id="s1-t2" name="TC1">
<kw name="Launch Browser" library="CommonFunctionality" type="SETUP">
<kw name="Open Browser" library="SeleniumLibrary">
<arg>browser=${BROWSER_NAME}</arg>
<arg>executable_path=${EXECDIR}${/}driver${/}chromedriver.exe</arg>
<doc>Opens a new browser instance to the optional ``url``.</doc>
<msg timestamp="20220317 17:56:42.059" level="INFO">Opening browser 'chrome' to base url 'None'.</msg>
<status status="PASS" starttime="20220317 17:56:42.036" endtime="20220317 17:56:52.635"/>
</kw>
<kw name="Maximize Browser Window" library="SeleniumLibrary">
<doc>Maximizes current browser window.</doc>
<status status="PASS" starttime="20220317 17:56:52.635" endtime="20220317 17:56:52.839"/>
</kw>
<kw name="Set Selenium Implicit Wait" library="SeleniumLibrary">
<arg>30s</arg>
<doc>Sets the implicit wait value used by Selenium.</doc>
<status status="PASS" starttime="20220317 17:56:52.840" endtime="20220317 17:56:52.850"/>
</kw>
<kw name="Go To" library="SeleniumLibrary">
<arg>url=${URL}</arg>
<doc>Navigates the current browser window to the provided ``url``.</doc>
<msg timestamp="20220317 17:56:52.853" level="INFO">Opening url 'https://opensource-demo.orangehrmlive.com/'</msg>
<status status="PASS" starttime="20220317 17:56:52.851" endtime="20220317 17:56:59.159"/>
</kw>
<status status="PASS" starttime="20220317 17:56:42.031" endtime="20220317 17:56:59.159"/>
</kw>
<kw name="Verify Add Emergency Contact Test">
<arg>Admin</arg>
<arg>admin123</arg>
<arg>Sandy</arg>
<arg>Sister</arg>
<arg>787005</arg>
<kw name="Input Text" library="SeleniumLibrary">
<arg>id=txtUsername</arg>
<arg>${username}</arg>
<doc>Types the given ``text`` into the text field identified by ``locator``.</doc>
<msg timestamp="20220317 17:56:59.162" level="INFO">Typing text 'Admin' into text field 'id=txtUsername'.</msg>
<status status="PASS" starttime="20220317 17:56:59.161" endtime="20220317 17:56:59.675"/>
</kw>
<kw name="Input Password" library="SeleniumLibrary">
<arg>id=txtPassword</arg>
<arg>${password}</arg>
<doc>Types the given password into the text field identified by ``locator``.</doc>
<msg timestamp="20220317 17:56:59.675" level="INFO">Typing password into text field 'id=txtPassword'.</msg>
<msg timestamp="20220317 17:56:59.750" level="INFO">Temporally setting log level to: NONE</msg>
<msg timestamp="20220317 17:56:59.908" level="INFO">Log level changed from NONE to INFO.</msg>
<status status="PASS" starttime="20220317 17:56:59.675" endtime="20220317 17:56:59.908"/>
</kw>
<kw name="Click Element" library="SeleniumLibrary">
<arg>id=btnLogin</arg>
<doc>Click the element identified by ``locator``.</doc>
<msg timestamp="20220317 17:56:59.912" level="INFO">Clicking element 'id=btnLogin'.</msg>
<status status="PASS" starttime="20220317 17:56:59.909" endtime="20220317 17:57:06.317"/>
</kw>
<kw name="Page Should Contain" library="SeleniumLibrary">
<arg>My Info</arg>
<doc>Verifies that current page contains ``text``.</doc>
<msg timestamp="20220317 17:57:06.384" level="INFO">Current page contains text 'My Info'.</msg>
<status status="PASS" starttime="20220317 17:57:06.318" endtime="20220317 17:57:06.385"/>
</kw>
<kw name="Click Element" library="SeleniumLibrary">
<arg>link=My Info</arg>
<doc>Click the element identified by ``locator``.</doc>
<msg timestamp="20220317 17:57:06.385" level="INFO">Clicking element 'link=My Info'.</msg>
<status status="PASS" starttime="20220317 17:57:06.385" endtime="20220317 17:57:08.701"/>
</kw>
<kw name="Click Element" library="SeleniumLibrary">
<arg>link=Emergency Contacts</arg>
<doc>Click the element identified by ``locator``.</doc>
<msg timestamp="20220317 17:57:08.702" level="INFO">Clicking element 'link=Emergency Contacts'.</msg>
<status status="PASS" starttime="20220317 17:57:08.702" endtime="20220317 17:57:09.994"/>
</kw>
<kw name="Click Element" library="SeleniumLibrary">
<arg>id=btnAddContact</arg>
<doc>Click the element identified by ``locator``.</doc>
<msg timestamp="20220317 17:57:09.995" level="INFO">Clicking element 'id=btnAddContact'.</msg>
<status status="PASS" starttime="20220317 17:57:09.994" endtime="20220317 17:57:10.259"/>
</kw>
<kw name="Input Text" library="SeleniumLibrary">
<arg>id=emgcontacts_name</arg>
<arg>${name}</arg>
<doc>Types the given ``text`` into the text field identified by ``locator``.</doc>
<msg timestamp="20220317 17:57:10.262" level="INFO">Typing text 'Sandy' into text field 'id=emgcontacts_name'.</msg>
<status status="PASS" starttime="20220317 17:57:10.260" endtime="20220317 17:57:10.658"/>
</kw>
<kw name="Input Text" library="SeleniumLibrary">
<arg>id=emgcontacts_relationship</arg>
<arg>${relationship}</arg>
<doc>Types the given ``text`` into the text field identified by ``locator``.</doc>
<msg timestamp="20220317 17:57:10.659" level="INFO">Typing text 'Sister' into text field 'id=emgcontacts_relationship'.</msg>
<status status="PASS" starttime="20220317 17:57:10.659" endtime="20220317 17:57:10.835"/>
</kw>
<kw name="Input Text" library="SeleniumLibrary">
<arg>id=emgcontacts_homePhone</arg>
<arg>${home_telephone}</arg>
<doc>Types the given ``text`` into the text field identified by ``locator``.</doc>
<msg timestamp="20220317 17:57:10.837" level="INFO">Typing text '787005' into text field 'id=emgcontacts_homePhone'.</msg>
<status status="PASS" starttime="20220317 17:57:10.835" endtime="20220317 17:57:10.999"/>
</kw>
<kw name="Click Element" library="SeleniumLibrary">
<arg>id=btnSaveEContact</arg>
<doc>Click the element identified by ``locator``.</doc>
<msg timestamp="20220317 17:57:11.000" level="INFO">Clicking element 'id=btnSaveEContact'.</msg>
<status status="PASS" starttime="20220317 17:57:11.000" endtime="20220317 17:57:12.634"/>
</kw>
<kw name="Table Should Contain" library="SeleniumLibrary">
<arg>id=emgcontact_list</arg>
<arg>${name}</arg>
<doc>Verifies table contains text ``expected``.</doc>
<status status="PASS" starttime="20220317 17:57:12.634" endtime="20220317 17:57:13.598"/>
</kw>
<kw name="Table Should Contain" library="SeleniumLibrary">
<arg>id=emgcontact_list</arg>
<arg>${home_telephone}</arg>
<doc>Verifies table contains text ``expected``.</doc>
<status status="PASS" starttime="20220317 17:57:13.598" endtime="20220317 17:57:14.207"/>
</kw>
<status status="PASS" starttime="20220317 17:56:59.160" endtime="20220317 17:57:14.208"/>
</kw>
<kw name="Close Browser" library="SeleniumLibrary" type="TEARDOWN">
<doc>Closes the current browser.</doc>
<status status="PASS" starttime="20220317 17:57:14.209" endtime="20220317 17:57:16.839"/>
</kw>
<status status="PASS" starttime="20220317 17:56:41.732" endtime="20220317 17:57:16.840"/>
</test>
<doc>This suite handles test case related to emergency contact</doc>
<status status="PASS" starttime="20220317 17:55:35.998" endtime="20220317 17:57:16.862"/>
</suite>
<statistics>
<total>
<stat pass="2" fail="0" skip="0">All Tests</stat>
</total>
<tag>
</tag>
<suite>
<stat pass="2" fail="0" skip="0" id="s1" name="Verify Emergency Contact Suite">Verify Emergency Contact Suite</stat>
</suite>
</statistics>
<errors>
<msg timestamp="20220317 17:56:41.723" level="WARN">Multiple test cases with name 'TC1' executed in test suite 'Verify Emergency Contact Suite'.</msg>
</errors>
</robot>
